<?xml version="1.0" encoding="UTF-8"?>
<!-- Generated by org.testng.reporters.JUnitReportReporter -->
<testsuite hostname="DESKTOP-FLFED06" failures="0" tests="4" name="com.tutorialsninjaqa.testcases.Login" time="52.607" errors="0" timestamp="2023-03-01T18:51:20 IST" skipped="0">
  <testcase classname="com.tutorialsninjaqa.testcases.Login" name="verifyWithValidCredentials" time="13.621"/>
  <system-out/>
  <testcase classname="com.tutorialsninjaqa.testcases.Login" name="verifyWithValidCredentials" time="13.200"/>
  <system-out/>
  <testcase classname="com.tutorialsninjaqa.testcases.Login" name="verifyWithValidCredentials" time="12.797"/>
  <system-out/>
  <testcase classname="com.tutorialsninjaqa.testcases.Login" name="verifyWithInvalidCredentials" time="12.989"/>
  <system-out/>
</testsuite> <!-- com.tutorialsninjaqa.testcases.Login -->
