<?xml version="1.0" encoding="UTF-8"?>
<!-- Generated by org.testng.reporters.JUnitReportReporter -->
<testsuite hostname="DESKTOP-FLFED06" failures="0" tests="3" name="com.tutorialsninjaqa.testcases.Search" time="40.962" errors="0" timestamp="2023-03-01T18:51:20 IST" skipped="0">
  <testcase classname="com.tutorialsninjaqa.testcases.Search" name="verifySearchWithValidProducts" time="10.444"/>
  <system-out/>
  <testcase classname="com.tutorialsninjaqa.testcases.Search" name="verifySearchWithInvalidProduct" time="11.804"/>
  <system-out/>
  <testcase classname="com.tutorialsninjaqa.testcases.Search" name="verifySearchWithoutAnyProduct" time="18.714"/>
  <system-out/>
</testsuite> <!-- com.tutorialsninjaqa.testcases.Search -->
